$ tsup --config tsup.config.ts
CLI Building entry: src/index.ts
CLI Using tsconfig: tsconfig.json
CLI tsup v6.6.3
CLI Using tsup config: /Users/wvrld/Desktop/OpenRealm/hub/packages/core/tsup.config.ts
CLI Target: node14,chrome79,edge109,firefox102,safari12
CLI Cleaning output folder
ESM Build start
CJS Build start
✘ [ERROR] Could not resolve "@openrealm/fishery"

    src/factories.ts:2:24:
      2 │ import { Factory } from "@openrealm/fishery";
        ╵                         ~~~~~~~~~~~~~~~~~~~~

  You can mark the path "@openrealm/fishery" as external to exclude it from the bundle, which will remove this error.

✘ [ERROR] Could not resolve "@openrealm/fishery"

    src/factories.ts:2:24:
      2 │ import { Factory } from "@openrealm/fishery";
        ╵                         ~~~~~~~~~~~~~~~~~~~~

  You can mark the path "@openrealm/fishery" as external to exclude it from the bundle, which will remove this error.

CJS Build failed
Error: Build failed with 1 error:
src/factories.ts:2:24: ERROR: Could not resolve "@openrealm/fishery"
    at failureErrorWithLog (/Users/wvrld/Desktop/OpenRealm/hub/node_modules/esbuild/lib/main.js:1636:15)
    at /Users/wvrld/Desktop/OpenRealm/hub/node_modules/esbuild/lib/main.js:1048:25
    at runOnEndCallbacks (/Users/wvrld/Desktop/OpenRealm/hub/node_modules/esbuild/lib/main.js:1471:45)
    at buildResponseToResult (/Users/wvrld/Desktop/OpenRealm/hub/node_modules/esbuild/lib/main.js:1046:7)
    at /Users/wvrld/Desktop/OpenRealm/hub/node_modules/esbuild/lib/main.js:1075:16
    at responseCallbacks.<computed> (/Users/wvrld/Desktop/OpenRealm/hub/node_modules/esbuild/lib/main.js:697:9)
    at handleIncomingPacket (/Users/wvrld/Desktop/OpenRealm/hub/node_modules/esbuild/lib/main.js:752:9)
    at Socket.readFromStdout (/Users/wvrld/Desktop/OpenRealm/hub/node_modules/esbuild/lib/main.js:673:7)
    at Socket.emit (node:events:513:28)
    at addChunk (node:internal/streams/readable:324:12)
ESM Build failed
DTS Build start
